<?xml version="1.0" encoding="UTF-8"?>
<!-- Generated by org.testng.reporters.JUnitReportReporter -->
<testsuite hostname="DESKTOP-F33EGAS" failures="0" tests="1" name="gitpratice.gitpull" time="0.023" errors="0" timestamp="2021-11-11T17:21:45 IST" skipped="0">
  <testcase classname="gitpratice.gitpull" name="gitpush" time="0.023"/>
  <system-out/>
</testsuite> <!-- gitpratice.gitpull -->
