<?xml version="1.0" encoding="UTF-8"?>
<!-- Generated by org.testng.reporters.JUnitReportReporter -->
<testsuite hostname="DESKTOP-F33EGAS" failures="0" tests="1" name="gitpratice.gitpush" time="0.017" errors="0" timestamp="2021-11-12T14:35:50 IST" skipped="0">
  <testcase classname="gitpratice.gitpush" name="gitpush" time="0.017"/>
  <system-out/>
</testsuite> <!-- gitpratice.gitpush -->
